2014-08-28 16:27:57,474 INFO  [AndroMDA] - discovering namespaces -
2014-08-28 16:27:57,723 INFO  [AndroMDA] found namespace --> 'emf-uml2'
2014-08-28 16:27:57,724 INFO  [AndroMDA]   +  registering component 'metafacades'
2014-08-28 16:27:57,887 INFO  [AndroMDA]   +  registering component 'profile'
2014-08-28 16:27:57,902 INFO  [AndroMDA]   +  registering component 'repository'
2014-08-28 16:27:57,952 INFO  [AndroMDA] found namespace --> 'hibernate'
2014-08-28 16:27:57,953 INFO  [AndroMDA]   +  registering component 'cartridge'
2014-08-28 16:27:58,022 INFO  [AndroMDA]   +  registering component 'metafacades'
2014-08-28 16:27:58,050 INFO  [AndroMDA]   +  registering component 'profile'
2014-08-28 16:27:58,064 INFO  [AndroMDA] found namespace --> 'java'
2014-08-28 16:27:58,065 INFO  [AndroMDA]   +  registering component 'cartridge'
2014-08-28 16:27:58,076 INFO  [AndroMDA]   +  registering component 'profile'
2014-08-28 16:27:58,080 INFO  [AndroMDA]   +  registering component 'metafacades'
2014-08-28 16:27:58,087 INFO  [AndroMDA] found namespace --> 'netBeansMDR'
2014-08-28 16:27:58,099 INFO  [AndroMDA]   +  registering component 'repository'
2014-08-28 16:27:58,463 INFO  [AndroMDA] found namespace --> 'query'
2014-08-28 16:27:58,464 INFO  [AndroMDA]   +  registering component 'translation-library'
2014-08-28 16:27:58,603 INFO  [AndroMDA] found namespace --> 'uml-1.4'
2014-08-28 16:27:58,603 INFO  [AndroMDA]   +  registering component 'metafacades'
2014-08-28 16:27:58,725 INFO  [AndroMDA]   +  registering component 'profile'
2014-08-28 16:27:58,735 INFO  [AndroMDA] found namespace --> 'validation'
2014-08-28 16:27:58,736 INFO  [AndroMDA]   +  registering component 'translation-library'
2014-08-28 16:28:00,223 INFO  [AndroMDA] - core initialization complete: 3.015[s] -
2014-08-28 16:28:00,302 INFO  [AndroMDA] loading model --> 'file:C:/workspace/java/dev/SMiLE/persistance_code_base/mda/src/main/uml/smile.xmi'
2014-08-28 16:28:00,912 INFO  [AndroMDA] referenced model --> 'jar:file:/C:/workspace/java/tools/.m2/repository/org/andromda/profiles/uml14/andromda-profile/3.3-SNAPSHOT/andromda-profile-3.3-SNAPSHOT.xml.zip!/andromda-profile-3.3-SNAPSHOT.xml'
2014-08-28 16:28:00,915 INFO  [AndroMDA] referenced model --> 'jar:file:/C:/workspace/java/tools/.m2/repository/org/andromda/profiles/uml14/andromda-profile-datatype/3.3-SNAPSHOT/andromda-profile-datatype-3.3-SNAPSHOT.xml.zip!/andromda-profile-datatype-3.3-SNAPSHOT.xml'
2014-08-28 16:28:00,917 INFO  [AndroMDA] referenced model --> 'jar:file:/C:/workspace/java/tools/.m2/repository/org/andromda/profiles/uml14/andromda-profile-webservice/3.3-SNAPSHOT/andromda-profile-webservice-3.3-SNAPSHOT.xml.zip!/andromda-profile-webservice-3.3-SNAPSHOT.xml'
2014-08-28 16:28:00,917 INFO  [AndroMDA] referenced model --> 'jar:file:/C:/workspace/java/tools/.m2/repository/org/andromda/profiles/uml14/andromda-profile-service/3.3-SNAPSHOT/andromda-profile-service-3.3-SNAPSHOT.xml.zip!/andromda-profile-service-3.3-SNAPSHOT.xml'
2014-08-28 16:28:00,919 INFO  [AndroMDA] referenced model --> 'jar:file:/C:/workspace/java/tools/.m2/repository/org/andromda/profiles/uml14/andromda-profile-process/3.3-SNAPSHOT/andromda-profile-process-3.3-SNAPSHOT.xml.zip!/andromda-profile-process-3.3-SNAPSHOT.xml'
2014-08-28 16:28:00,921 INFO  [AndroMDA] referenced model --> 'jar:file:/C:/workspace/java/tools/.m2/repository/org/andromda/profiles/uml14/andromda-profile-presentation/3.3-SNAPSHOT/andromda-profile-presentation-3.3-SNAPSHOT.xml.zip!/andromda-profile-presentation-3.3-SNAPSHOT.xml'
2014-08-28 16:28:00,923 INFO  [AndroMDA] referenced model --> 'jar:file:/C:/workspace/java/tools/.m2/repository/org/andromda/profiles/uml14/andromda-profile-meta/3.3-SNAPSHOT/andromda-profile-meta-3.3-SNAPSHOT.xml.zip!/andromda-profile-meta-3.3-SNAPSHOT.xml'
2014-08-28 16:28:00,925 INFO  [AndroMDA] referenced model --> 'jar:file:/C:/workspace/java/tools/.m2/repository/org/andromda/profiles/uml14/andromda-profile-xml/3.3-SNAPSHOT/andromda-profile-xml-3.3-SNAPSHOT.xml.zip!/andromda-profile-xml-3.3-SNAPSHOT.xml'
2014-08-28 16:28:00,927 INFO  [AndroMDA] referenced model --> 'jar:file:/C:/workspace/java/tools/.m2/repository/org/andromda/profiles/uml14/andromda-profile-persistence/3.3-SNAPSHOT/andromda-profile-persistence-3.3-SNAPSHOT.xml.zip!/andromda-profile-persistence-3.3-SNAPSHOT.xml'
2014-08-28 16:28:00,942 INFO  [AndroMDA] referenced model --> 'jar:file:/C:/workspace/java/tools/.m2/repository/org/andromda/profiles/uml14/andromda-profile-messaging/3.3-SNAPSHOT/andromda-profile-messaging-3.3-SNAPSHOT.xml.zip!/andromda-profile-messaging-3.3-SNAPSHOT.xml'
2014-08-28 16:28:01,117 INFO  [AndroMDA] - loading complete: 0.893[s] -
2014-08-28 16:28:01,117 INFO  [AndroMDA] - validating model -
2014-08-28 16:28:02,007 INFO  [AndroMDA] - validation complete: 0.89[s] -
2014-08-28 16:28:02,368 INFO  [AndroMDA:hibernate] Output: 'file:/C:/workspace/java/dev/SMiLE/persistance_code_base/mda/../core/target/src/uk/ac/dotrural/smile/entity/item/ItemFactory.java'
2014-08-28 16:28:02,378 INFO  [AndroMDA:hibernate] Output: 'file:/C:/workspace/java/dev/SMiLE/persistance_code_base/mda/../core/target/src/uk/ac/dotrural/smile/entity/product/ProductFactory.java'
2014-08-28 16:28:02,382 INFO  [AndroMDA:hibernate] Output: 'file:/C:/workspace/java/dev/SMiLE/persistance_code_base/mda/../core/target/src/uk/ac/dotrural/smile/entity/property/PropertyFactory.java'
2014-08-28 16:28:02,386 INFO  [AndroMDA:hibernate] Output: 'file:/C:/workspace/java/dev/SMiLE/persistance_code_base/mda/../core/target/src/uk/ac/dotrural/smile/entity/location/LocationFactory.java'
2014-08-28 16:28:02,390 INFO  [AndroMDA:hibernate] Output: 'file:/C:/workspace/java/dev/SMiLE/persistance_code_base/mda/../core/target/src/uk/ac/dotrural/smile/entity/customfield/CustomFieldFactory.java'
2014-08-28 16:28:02,397 INFO  [AndroMDA:hibernate] Output: 'file:/C:/workspace/java/dev/SMiLE/persistance_code_base/mda/../core/target/src/uk/ac/dotrural/smile/entity/activity/ActivityFactory.java'
2014-08-28 16:28:02,404 INFO  [AndroMDA:hibernate] Output: 'file:/C:/workspace/java/dev/SMiLE/persistance_code_base/mda/../core/target/src/uk/ac/dotrural/smile/entity/users/UsersFactory.java'
2014-08-28 16:28:02,408 INFO  [AndroMDA:hibernate] Output: 'file:/C:/workspace/java/dev/SMiLE/persistance_code_base/mda/../core/target/src/uk/ac/dotrural/smile/entity/photo/PhotoFactory.java'
2014-08-28 16:28:02,413 INFO  [AndroMDA:hibernate] Output: 'file:/C:/workspace/java/dev/SMiLE/persistance_code_base/mda/../core/target/src/uk/ac/dotrural/smile/entity/roles/RolesFactory.java'
2014-08-28 16:28:02,416 INFO  [AndroMDA:hibernate] Output: 'file:/C:/workspace/java/dev/SMiLE/persistance_code_base/mda/../core/target/src/uk/ac/dotrural/smile/entity/identifier/IdentifierFactory.java'
2014-08-28 16:28:02,421 INFO  [AndroMDA:hibernate] Output: 'file:/C:/workspace/java/dev/SMiLE/persistance_code_base/mda/../core/target/src/uk/ac/dotrural/smile/entity/itemcollection/ItemCollectionFactory.java'
2014-08-28 16:28:02,425 INFO  [AndroMDA:hibernate] Output: 'file:/C:/workspace/java/dev/SMiLE/persistance_code_base/mda/../core/target/src/uk/ac/dotrural/smile/entity/activitytype/ActivityTypeFactory.java'
2014-08-28 16:28:02,429 INFO  [AndroMDA:hibernate] Output: 'file:/C:/workspace/java/dev/SMiLE/persistance_code_base/mda/../core/target/src/uk/ac/dotrural/smile/entity/application/ApplicationFactory.java'
2014-08-28 16:28:02,434 INFO  [AndroMDA:hibernate] Output: 'file:/C:/workspace/java/dev/SMiLE/persistance_code_base/mda/../core/target/src/uk/ac/dotrural/smile/entity/business/BusinessFactory.java'
2014-08-28 16:28:02,440 INFO  [AndroMDA:hibernate] Output: 'file:/C:/workspace/java/dev/SMiLE/persistance_code_base/mda/../core/target/src/uk/ac/dotrural/smile/entity/address/AddressFactory.java'
2014-08-28 16:28:02,448 INFO  [AndroMDA:hibernate] Output: 'file:/C:/workspace/java/dev/SMiLE/persistance_code_base/mda/../core/target/src/uk/ac/dotrural/smile/entity/privilege/PrivilegeFactory.java'
2014-08-28 16:28:02,451 INFO  [AndroMDA:hibernate] Output: 'file:/C:/workspace/java/dev/SMiLE/persistance_code_base/mda/../core/target/src/uk/ac/dotrural/smile/entity/rights/RightsFactory.java'
2014-08-28 16:28:02,465 INFO  [AndroMDA:hibernate] Output: 'file:/C:/workspace/java/dev/SMiLE/persistance_code_base/mda/../core/target/src/hibernate.cfg.xml'
2014-08-28 16:28:02,592 INFO  [AndroMDA:hibernate] Output: 'file:/C:/workspace/java/dev/SMiLE/persistance_code_base/mda/../core/target/src/uk/ac/dotrural/smile/entity/item/Item.hbm.xml'
2014-08-28 16:28:02,625 INFO  [AndroMDA:hibernate] Output: 'file:/C:/workspace/java/dev/SMiLE/persistance_code_base/mda/../core/target/src/uk/ac/dotrural/smile/entity/product/Product.hbm.xml'
2014-08-28 16:28:02,658 INFO  [AndroMDA:hibernate] Output: 'file:/C:/workspace/java/dev/SMiLE/persistance_code_base/mda/../core/target/src/uk/ac/dotrural/smile/entity/property/Property.hbm.xml'
2014-08-28 16:28:02,696 INFO  [AndroMDA:hibernate] Output: 'file:/C:/workspace/java/dev/SMiLE/persistance_code_base/mda/../core/target/src/uk/ac/dotrural/smile/entity/location/Location.hbm.xml'
2014-08-28 16:28:02,721 INFO  [AndroMDA:hibernate] Output: 'file:/C:/workspace/java/dev/SMiLE/persistance_code_base/mda/../core/target/src/uk/ac/dotrural/smile/entity/customfield/CustomField.hbm.xml'
2014-08-28 16:28:02,742 INFO  [AndroMDA:hibernate] Output: 'file:/C:/workspace/java/dev/SMiLE/persistance_code_base/mda/../core/target/src/uk/ac/dotrural/smile/entity/activity/Activity.hbm.xml'
2014-08-28 16:28:02,765 INFO  [AndroMDA:hibernate] Output: 'file:/C:/workspace/java/dev/SMiLE/persistance_code_base/mda/../core/target/src/uk/ac/dotrural/smile/entity/users/Users.hbm.xml'
2014-08-28 16:28:02,780 INFO  [AndroMDA:hibernate] Output: 'file:/C:/workspace/java/dev/SMiLE/persistance_code_base/mda/../core/target/src/uk/ac/dotrural/smile/entity/photo/Photo.hbm.xml'
2014-08-28 16:28:02,799 INFO  [AndroMDA:hibernate] Output: 'file:/C:/workspace/java/dev/SMiLE/persistance_code_base/mda/../core/target/src/uk/ac/dotrural/smile/entity/roles/Roles.hbm.xml'
2014-08-28 16:28:02,815 INFO  [AndroMDA:hibernate] Output: 'file:/C:/workspace/java/dev/SMiLE/persistance_code_base/mda/../core/target/src/uk/ac/dotrural/smile/entity/identifier/Identifier.hbm.xml'
2014-08-28 16:28:02,832 INFO  [AndroMDA:hibernate] Output: 'file:/C:/workspace/java/dev/SMiLE/persistance_code_base/mda/../core/target/src/uk/ac/dotrural/smile/entity/itemcollection/ItemCollection.hbm.xml'
2014-08-28 16:28:02,846 INFO  [AndroMDA:hibernate] Output: 'file:/C:/workspace/java/dev/SMiLE/persistance_code_base/mda/../core/target/src/uk/ac/dotrural/smile/entity/activitytype/ActivityType.hbm.xml'
2014-08-28 16:28:02,863 INFO  [AndroMDA:hibernate] Output: 'file:/C:/workspace/java/dev/SMiLE/persistance_code_base/mda/../core/target/src/uk/ac/dotrural/smile/entity/application/Application.hbm.xml'
2014-08-28 16:28:02,889 INFO  [AndroMDA:hibernate] Output: 'file:/C:/workspace/java/dev/SMiLE/persistance_code_base/mda/../core/target/src/uk/ac/dotrural/smile/entity/business/Business.hbm.xml'
2014-08-28 16:28:02,901 INFO  [AndroMDA:hibernate] Output: 'file:/C:/workspace/java/dev/SMiLE/persistance_code_base/mda/../core/target/src/uk/ac/dotrural/smile/entity/address/Address.hbm.xml'
2014-08-28 16:28:02,914 INFO  [AndroMDA:hibernate] Output: 'file:/C:/workspace/java/dev/SMiLE/persistance_code_base/mda/../core/target/src/uk/ac/dotrural/smile/entity/privilege/Privilege.hbm.xml'
2014-08-28 16:28:02,928 INFO  [AndroMDA:hibernate] Output: 'file:/C:/workspace/java/dev/SMiLE/persistance_code_base/mda/../core/target/src/uk/ac/dotrural/smile/entity/rights/Rights.hbm.xml'
2014-08-28 16:28:02,932 INFO  [AndroMDA:hibernate] Output: 'file:/C:/workspace/java/dev/SMiLE/persistance_code_base/mda/../core/target/src/hibernate.cfg.xml'
2014-08-28 16:28:03,020 INFO  [AndroMDA:hibernate] Output: 'file:/C:/workspace/java/dev/SMiLE/persistance_code_base/mda/../common/target/src/uk/ac/dotrural/smile/entity/item/Item.java'
2014-08-28 16:28:03,053 INFO  [AndroMDA:hibernate] Output: 'file:/C:/workspace/java/dev/SMiLE/persistance_code_base/mda/../common/target/src/uk/ac/dotrural/smile/entity/product/Product.java'
2014-08-28 16:28:03,064 INFO  [AndroMDA:hibernate] Output: 'file:/C:/workspace/java/dev/SMiLE/persistance_code_base/mda/../common/target/src/uk/ac/dotrural/smile/entity/property/Property.java'
2014-08-28 16:28:03,071 INFO  [AndroMDA:hibernate] Output: 'file:/C:/workspace/java/dev/SMiLE/persistance_code_base/mda/../common/target/src/uk/ac/dotrural/smile/entity/location/Location.java'
2014-08-28 16:28:03,080 INFO  [AndroMDA:hibernate] Output: 'file:/C:/workspace/java/dev/SMiLE/persistance_code_base/mda/../common/target/src/uk/ac/dotrural/smile/entity/customfield/CustomField.java'
2014-08-28 16:28:03,105 INFO  [AndroMDA:hibernate] Output: 'file:/C:/workspace/java/dev/SMiLE/persistance_code_base/mda/../common/target/src/uk/ac/dotrural/smile/entity/activity/Activity.java'
2014-08-28 16:28:03,139 INFO  [AndroMDA:hibernate] Output: 'file:/C:/workspace/java/dev/SMiLE/persistance_code_base/mda/../common/target/src/uk/ac/dotrural/smile/entity/users/Users.java'
2014-08-28 16:28:03,145 INFO  [AndroMDA:hibernate] Output: 'file:/C:/workspace/java/dev/SMiLE/persistance_code_base/mda/../common/target/src/uk/ac/dotrural/smile/entity/photo/Photo.java'
2014-08-28 16:28:03,159 INFO  [AndroMDA:hibernate] Output: 'file:/C:/workspace/java/dev/SMiLE/persistance_code_base/mda/../common/target/src/uk/ac/dotrural/smile/entity/roles/Roles.java'
2014-08-28 16:28:03,168 INFO  [AndroMDA:hibernate] Output: 'file:/C:/workspace/java/dev/SMiLE/persistance_code_base/mda/../common/target/src/uk/ac/dotrural/smile/entity/identifier/Identifier.java'
2014-08-28 16:28:03,186 INFO  [AndroMDA:hibernate] Output: 'file:/C:/workspace/java/dev/SMiLE/persistance_code_base/mda/../common/target/src/uk/ac/dotrural/smile/entity/itemcollection/ItemCollection.java'
2014-08-28 16:28:03,196 INFO  [AndroMDA:hibernate] Output: 'file:/C:/workspace/java/dev/SMiLE/persistance_code_base/mda/../common/target/src/uk/ac/dotrural/smile/entity/activitytype/ActivityType.java'
2014-08-28 16:28:03,209 INFO  [AndroMDA:hibernate] Output: 'file:/C:/workspace/java/dev/SMiLE/persistance_code_base/mda/../common/target/src/uk/ac/dotrural/smile/entity/application/Application.java'
2014-08-28 16:28:03,237 INFO  [AndroMDA:hibernate] Output: 'file:/C:/workspace/java/dev/SMiLE/persistance_code_base/mda/../common/target/src/uk/ac/dotrural/smile/entity/business/Business.java'
2014-08-28 16:28:03,249 INFO  [AndroMDA:hibernate] Output: 'file:/C:/workspace/java/dev/SMiLE/persistance_code_base/mda/../common/target/src/uk/ac/dotrural/smile/entity/address/Address.java'
2014-08-28 16:28:03,259 INFO  [AndroMDA:hibernate] Output: 'file:/C:/workspace/java/dev/SMiLE/persistance_code_base/mda/../common/target/src/uk/ac/dotrural/smile/entity/privilege/Privilege.java'
2014-08-28 16:28:03,264 INFO  [AndroMDA:hibernate] Output: 'file:/C:/workspace/java/dev/SMiLE/persistance_code_base/mda/../common/target/src/uk/ac/dotrural/smile/entity/rights/Rights.java'
2014-08-28 16:28:03,269 INFO  [AndroMDA:hibernate] Output: 'file:/C:/workspace/java/dev/SMiLE/persistance_code_base/mda/../common/target/src/uk/ac/dotrural/smile/entity/item/ItemImpl.java'
2014-08-28 16:28:03,270 INFO  [AndroMDA:hibernate] Output: 'file:/C:/workspace/java/dev/SMiLE/persistance_code_base/mda/../common/target/src/uk/ac/dotrural/smile/entity/product/ProductImpl.java'
2014-08-28 16:28:03,271 INFO  [AndroMDA:hibernate] Output: 'file:/C:/workspace/java/dev/SMiLE/persistance_code_base/mda/../common/target/src/uk/ac/dotrural/smile/entity/property/PropertyImpl.java'
2014-08-28 16:28:03,271 INFO  [AndroMDA:hibernate] Output: 'file:/C:/workspace/java/dev/SMiLE/persistance_code_base/mda/../common/target/src/uk/ac/dotrural/smile/entity/location/LocationImpl.java'
2014-08-28 16:28:03,272 INFO  [AndroMDA:hibernate] Output: 'file:/C:/workspace/java/dev/SMiLE/persistance_code_base/mda/../common/target/src/uk/ac/dotrural/smile/entity/customfield/CustomFieldImpl.java'
2014-08-28 16:28:03,273 INFO  [AndroMDA:hibernate] Output: 'file:/C:/workspace/java/dev/SMiLE/persistance_code_base/mda/../common/target/src/uk/ac/dotrural/smile/entity/activity/ActivityImpl.java'
2014-08-28 16:28:03,274 INFO  [AndroMDA:hibernate] Output: 'file:/C:/workspace/java/dev/SMiLE/persistance_code_base/mda/../common/target/src/uk/ac/dotrural/smile/entity/users/UsersImpl.java'
2014-08-28 16:28:03,276 INFO  [AndroMDA:hibernate] Output: 'file:/C:/workspace/java/dev/SMiLE/persistance_code_base/mda/../common/target/src/uk/ac/dotrural/smile/entity/photo/PhotoImpl.java'
2014-08-28 16:28:03,277 INFO  [AndroMDA:hibernate] Output: 'file:/C:/workspace/java/dev/SMiLE/persistance_code_base/mda/../common/target/src/uk/ac/dotrural/smile/entity/roles/RolesImpl.java'
2014-08-28 16:28:03,279 INFO  [AndroMDA:hibernate] Output: 'file:/C:/workspace/java/dev/SMiLE/persistance_code_base/mda/../common/target/src/uk/ac/dotrural/smile/entity/identifier/IdentifierImpl.java'
2014-08-28 16:28:03,280 INFO  [AndroMDA:hibernate] Output: 'file:/C:/workspace/java/dev/SMiLE/persistance_code_base/mda/../common/target/src/uk/ac/dotrural/smile/entity/itemcollection/ItemCollectionImpl.java'
2014-08-28 16:28:03,281 INFO  [AndroMDA:hibernate] Output: 'file:/C:/workspace/java/dev/SMiLE/persistance_code_base/mda/../common/target/src/uk/ac/dotrural/smile/entity/activitytype/ActivityTypeImpl.java'
2014-08-28 16:28:03,282 INFO  [AndroMDA:hibernate] Output: 'file:/C:/workspace/java/dev/SMiLE/persistance_code_base/mda/../common/target/src/uk/ac/dotrural/smile/entity/application/ApplicationImpl.java'
2014-08-28 16:28:03,283 INFO  [AndroMDA:hibernate] Output: 'file:/C:/workspace/java/dev/SMiLE/persistance_code_base/mda/../common/target/src/uk/ac/dotrural/smile/entity/business/BusinessImpl.java'
2014-08-28 16:28:03,284 INFO  [AndroMDA:hibernate] Output: 'file:/C:/workspace/java/dev/SMiLE/persistance_code_base/mda/../common/target/src/uk/ac/dotrural/smile/entity/address/AddressImpl.java'
2014-08-28 16:28:03,285 INFO  [AndroMDA:hibernate] Output: 'file:/C:/workspace/java/dev/SMiLE/persistance_code_base/mda/../common/target/src/uk/ac/dotrural/smile/entity/privilege/PrivilegeImpl.java'
2014-08-28 16:28:03,286 INFO  [AndroMDA:hibernate] Output: 'file:/C:/workspace/java/dev/SMiLE/persistance_code_base/mda/../common/target/src/uk/ac/dotrural/smile/entity/rights/RightsImpl.java'
2014-08-28 16:28:03,291 INFO  [AndroMDA:hibernate] Output: 'file:/C:/workspace/java/dev/SMiLE/persistance_code_base/mda/../core/target/src/org/andromda/persistence/hibernate/usertypes/HibernateByteBlobType.java'
2014-08-28 16:28:03,294 INFO  [AndroMDA:hibernate] Output: 'file:/C:/workspace/java/dev/SMiLE/persistance_code_base/mda/../core/target/src/org/andromda/persistence/hibernate/usertypes/HibernateStringClobType.java'
2014-08-28 16:28:03,300 INFO  [AndroMDA:hibernate] Output: 'file:/C:/workspace/java/dev/SMiLE/persistance_code_base/mda/../core/target/src/META-INF/ejb-jar.xml'
2014-08-28 16:28:03,303 INFO  [AndroMDA:hibernate] Output: 'file:/C:/workspace/java/dev/SMiLE/persistance_code_base/mda/../core/target/src/META-INF/jboss.xml'
2014-08-28 16:28:03,361 INFO  [AndroMDA:hibernate] Output: 'file:/C:/workspace/java/dev/SMiLE/persistance_code_base/mda/../core/target/src/uk/ac/dotrural/smile/ServiceLocator.java'
2014-08-28 16:28:03,403 INFO  [AndroMDA:hibernate] Output: 'file:/C:/workspace/java/dev/SMiLE/persistance_code_base/mda/../core/target/src/uk/ac/dotrural/smile/service/SmileServiceBean.java'
2014-08-28 16:28:03,465 INFO  [AndroMDA:hibernate] Output: 'file:/C:/workspace/java/dev/SMiLE/persistance_code_base/mda/../core/target/src/uk/ac/dotrural/smile/service/SmileService.java'
2014-08-28 16:28:03,469 INFO  [AndroMDA:hibernate] Output: 'file:/C:/workspace/java/dev/SMiLE/persistance_code_base/mda/../core/target/src/uk/ac/dotrural/smile/service/SmileServiceHome.java'
2014-08-28 16:28:03,494 INFO  [AndroMDA:hibernate] Output: 'file:/C:/workspace/java/dev/SMiLE/persistance_code_base/mda/../core/target/src/uk/ac/dotrural/smile/HibernateUtils.java'
2014-08-28 16:28:03,500 INFO  [AndroMDA:hibernate] Output: 'file:/C:/workspace/java/dev/SMiLE/persistance_code_base/mda/../core/target/src/ehcache.xml'
2014-08-28 16:28:03,600 INFO  [AndroMDA:java] Output: 'file:/C:/workspace/java/dev/SMiLE/persistance_code_base/mda/../common/target/src/uk/ac/dotrural/smile/exception/SmileException.java'
2014-08-28 16:28:03,604 INFO  [AndroMDA:java] Output: 'file:/C:/workspace/java/dev/SMiLE/persistance_code_base/mda/../common/target/src/uk/ac/dotrural/smile/exception/SmileException.java'
2014-08-28 16:28:03,613 INFO  [AndroMDA] completed model processing --> TIME: 3.389[s], RESOURCES WRITTEN: 82
